<?xml version="1.0" encoding="UTF-8"?>
<!-- Generated by org.testng.reporters.JUnitReportReporter -->
<testsuite skipped="1" hostname="LAPTOP-40EPTFGM" name="Academy.E2EProject.validateTopNavBar" tests="2" failures="0" timestamp="2021-10-16T16:17:22 IST" time="4.887" errors="1">
  <testcase name="valTopNavBar" time="0.000" classname="Academy.E2EProject.validateTopNavBar">
    <skipped/>
  </testcase> <!-- valTopNavBar -->
  <system-out/>
  <testcase name="initializeBrowser" time="4.887" classname="Academy.E2EProject.validateTopNavBar">
    <error type="org.openqa.selenium.SessionNotCreatedException" message="session not created: This version of ChromeDriver only supports Chrome version 92
Current browser version is 94.0.4606.71 with binary path C:\Program Files\Google\Chrome\Application\chrome.exe
Build info: version: &#039;3.141.59&#039;, revision: &#039;e82be7d358&#039;, time: &#039;2018-11-14T08:17:03&#039;
System info: host: &#039;LAPTOP-40EPTFGM&#039;, ip: &#039;192.168.0.106&#039;, os.name: &#039;Windows 10&#039;, os.arch: &#039;amd64&#039;, os.version: &#039;10.0&#039;, java.version: &#039;1.8.0_281&#039;
Driver info: driver.version: ChromeDriver
remote stacktrace: Backtrace:
	Ordinal0 [0x00BB5843+2512963]
	Ordinal0 [0x00B4EED1+2092753]
	Ordinal0 [0x00A51F48+1056584]
	Ordinal0 [0x00A701AA+1180074]
	Ordinal0 [0x00A6C0C5+1163461]
	Ordinal0 [0x00A6990F+1153295]
	Ordinal0 [0x00A9994F+1349967]
	Ordinal0 [0x00A995BA+1349050]
	Ordinal0 [0x00A954BB+1332411]
	Ordinal0 [0x00A71D14+1187092]
	Ordinal0 [0x00A72B79+1190777]
	GetHandleVerifier [0x00D30C56+1501718]
	GetHandleVerifier [0x00DDE97F+2213695]
	GetHandleVerifier [0x00C38C92+485970]
	GetHandleVerifier [0x00C37D59+482073]
	Ordinal0 [0x00B5471D+2115357]
	Ordinal0 [0x00B58678+2131576]
	Ordinal0 [0x00B587B2+2131890]
	Ordinal0 [0x00B61971+2169201]
	BaseThreadInitThunk [0x76FEFA29+25]
	RtlGetAppContainerNamedObjectPath [0x777B7A9E+286]
	RtlGetAppContainerNamedObjectPath [0x777B7A6E+238]
">
      <![CDATA[org.openqa.selenium.SessionNotCreatedException: session not created: This version of ChromeDriver only supports Chrome version 92
Current browser version is 94.0.4606.71 with binary path C:\Program Files\Google\Chrome\Application\chrome.exe
Build info: version: '3.141.59', revision: 'e82be7d358', time: '2018-11-14T08:17:03'
System info: host: 'LAPTOP-40EPTFGM', ip: '192.168.0.106', os.name: 'Windows 10', os.arch: 'amd64', os.version: '10.0', java.version: '1.8.0_281'
Driver info: driver.version: ChromeDriver
remote stacktrace: Backtrace:
Ordinal0 [0x00BB5843+2512963]
Ordinal0 [0x00B4EED1+2092753]
Ordinal0 [0x00A51F48+1056584]
Ordinal0 [0x00A701AA+1180074]
Ordinal0 [0x00A6C0C5+1163461]
Ordinal0 [0x00A6990F+1153295]
Ordinal0 [0x00A9994F+1349967]
Ordinal0 [0x00A995BA+1349050]
Ordinal0 [0x00A954BB+1332411]
Ordinal0 [0x00A71D14+1187092]
Ordinal0 [0x00A72B79+1190777]
GetHandleVerifier [0x00D30C56+1501718]
GetHandleVerifier [0x00DDE97F+2213695]
GetHandleVerifier [0x00C38C92+485970]
GetHandleVerifier [0x00C37D59+482073]
Ordinal0 [0x00B5471D+2115357]
Ordinal0 [0x00B58678+2131576]
Ordinal0 [0x00B587B2+2131890]
Ordinal0 [0x00B61971+2169201]
BaseThreadInitThunk [0x76FEFA29+25]
RtlGetAppContainerNamedObjectPath [0x777B7A9E+286]
RtlGetAppContainerNamedObjectPath [0x777B7A6E+238]

at sun.reflect.NativeConstructorAccessorImpl.newInstance0(Native Method)
at sun.reflect.NativeConstructorAccessorImpl.newInstance(NativeConstructorAccessorImpl.java:62)
at sun.reflect.DelegatingConstructorAccessorImpl.newInstance(DelegatingConstructorAccessorImpl.java:45)
at java.lang.reflect.Constructor.newInstance(Constructor.java:423)
at org.openqa.selenium.remote.W3CHandshakeResponse.lambda$errorHandler$0(W3CHandshakeResponse.java:62)
at org.openqa.selenium.remote.HandshakeResponse.lambda$getResponseFunction$0(HandshakeResponse.java:30)
at org.openqa.selenium.remote.ProtocolHandshake.lambda$createSession$0(ProtocolHandshake.java:126)
at java.util.stream.ReferencePipeline$3$1.accept(ReferencePipeline.java:193)
at java.util.Spliterators$ArraySpliterator.tryAdvance(Spliterators.java:958)
at java.util.stream.ReferencePipeline.forEachWithCancel(ReferencePipeline.java:126)
at java.util.stream.AbstractPipeline.copyIntoWithCancel(AbstractPipeline.java:499)
at java.util.stream.AbstractPipeline.copyInto(AbstractPipeline.java:486)
at java.util.stream.AbstractPipeline.wrapAndCopyInto(AbstractPipeline.java:472)
at java.util.stream.FindOps$FindOp.evaluateSequential(FindOps.java:152)
at java.util.stream.AbstractPipeline.evaluate(AbstractPipeline.java:234)
at java.util.stream.ReferencePipeline.findFirst(ReferencePipeline.java:464)
at org.openqa.selenium.remote.ProtocolHandshake.createSession(ProtocolHandshake.java:128)
at org.openqa.selenium.remote.ProtocolHandshake.createSession(ProtocolHandshake.java:74)
at org.openqa.selenium.remote.HttpCommandExecutor.execute(HttpCommandExecutor.java:136)
at org.openqa.selenium.remote.service.DriverCommandExecutor.execute(DriverCommandExecutor.java:83)
at org.openqa.selenium.remote.RemoteWebDriver.execute(RemoteWebDriver.java:552)
at org.openqa.selenium.remote.RemoteWebDriver.startSession(RemoteWebDriver.java:213)
at org.openqa.selenium.remote.RemoteWebDriver.<init>(RemoteWebDriver.java:131)
at org.openqa.selenium.chrome.ChromeDriver.<init>(ChromeDriver.java:181)
at org.openqa.selenium.chrome.ChromeDriver.<init>(ChromeDriver.java:168)
at org.openqa.selenium.chrome.ChromeDriver.<init>(ChromeDriver.java:123)
at resources.Base.initializeDriver(Base.java:32)
at Academy.E2EProject.validateTopNavBar.initializeBrowser(validateTopNavBar.java:27)
at sun.reflect.NativeMethodAccessorImpl.invoke0(Native Method)
at sun.reflect.NativeMethodAccessorImpl.invoke(NativeMethodAccessorImpl.java:62)
at sun.reflect.DelegatingMethodAccessorImpl.invoke(DelegatingMethodAccessorImpl.java:43)
at java.lang.reflect.Method.invoke(Method.java:498)
at org.testng.internal.MethodInvocationHelper.invokeMethod(MethodInvocationHelper.java:133)
at org.testng.internal.MethodInvocationHelper.invokeMethodConsideringTimeout(MethodInvocationHelper.java:62)
at org.testng.internal.ConfigInvoker.invokeConfigurationMethod(ConfigInvoker.java:385)
at org.testng.internal.ConfigInvoker.invokeConfigurations(ConfigInvoker.java:321)
at org.testng.TestRunner.invokeTestConfigurations(TestRunner.java:637)
at org.testng.TestRunner.beforeRun(TestRunner.java:627)
at org.testng.TestRunner.run(TestRunner.java:589)
at org.testng.SuiteRunner.runTest(SuiteRunner.java:377)
at org.testng.SuiteRunner.access$000(SuiteRunner.java:28)
at org.testng.SuiteRunner$SuiteWorker.run(SuiteRunner.java:418)
at org.testng.internal.thread.ThreadUtil.lambda$execute$0(ThreadUtil.java:64)
at java.util.concurrent.FutureTask.run(FutureTask.java:266)
at java.util.concurrent.ThreadPoolExecutor.runWorker(ThreadPoolExecutor.java:1149)
at java.util.concurrent.ThreadPoolExecutor$Worker.run(ThreadPoolExecutor.java:624)
at java.lang.Thread.run(Thread.java:748)
]]>
    </error>
  </testcase> <!-- initializeBrowser -->
  <system-out/>
</testsuite> <!-- Academy.E2EProject.validateTopNavBar -->
